mode: set
backend/middlewares/auth_middleware.go:12.39,13.30 1 1
backend/middlewares/auth_middleware.go:13.30,15.23 2 1
backend/middlewares/auth_middleware.go:15.23,21.4 2 1
backend/middlewares/auth_middleware.go:23.3,24.101 2 1
backend/middlewares/auth_middleware.go:24.101,30.4 2 0
backend/middlewares/auth_middleware.go:32.3,33.17 2 1
backend/middlewares/auth_middleware.go:33.17,39.4 2 1
backend/middlewares/auth_middleware.go:41.3,44.11 4 1
backend/utils/jwt.go:20.74,22.18 2 1
backend/utils/jwt.go:22.18,24.3 1 0
backend/utils/jwt.go:26.2,27.39 2 1
backend/utils/jwt.go:27.39,29.3 1 0
backend/utils/jwt.go:31.2,44.43 4 1
backend/utils/jwt.go:47.58,49.18 2 1
backend/utils/jwt.go:49.18,51.3 1 0
backend/utils/jwt.go:53.2,54.23 2 1
backend/utils/jwt.go:54.23,56.3 1 0
backend/utils/jwt.go:58.2,62.47 2 1
backend/utils/jwt.go:62.47,63.46 1 1
backend/utils/jwt.go:63.46,65.5 1 0
backend/utils/jwt.go:67.4,67.30 1 1
backend/utils/jwt.go:71.2,71.16 1 1
backend/utils/jwt.go:71.16,73.3 1 1
backend/utils/jwt.go:75.2,75.18 1 1
backend/utils/jwt.go:75.18,77.3 1 0
backend/utils/jwt.go:79.2,79.20 1 1
backend/services/auth_service.go:41.58,43.2 1 1
backend/services/auth_service.go:45.81,47.59 2 1
backend/services/auth_service.go:47.59,49.3 1 0
backend/services/auth_service.go:50.2,50.25 1 1
backend/services/auth_service.go:50.25,52.3 1 1
backend/services/auth_service.go:54.2,55.16 2 1
backend/services/auth_service.go:55.16,57.3 1 0
backend/services/auth_service.go:59.2,65.53 2 1
backend/services/auth_service.go:65.53,67.3 1 0
backend/services/auth_service.go:69.2,69.18 1 1
backend/services/auth_service.go:72.75,74.16 2 1
backend/services/auth_service.go:74.16,75.45 1 1
backend/services/auth_service.go:75.45,77.4 1 1
backend/services/auth_service.go:79.3,79.18 1 0
backend/services/auth_service.go:82.2,82.101 1 1
backend/services/auth_service.go:82.101,84.3 1 1
backend/services/auth_service.go:86.2,87.16 2 0
backend/services/auth_service.go:87.16,89.3 1 0
backend/services/auth_service.go:91.2,94.8 1 0
backend/services/event_service.go:16.62,18.2 1 1
backend/services/event_service.go:20.67,22.2 1 1
backend/services/event_service.go:24.75,26.2 1 1
backend/services/ticket_service.go:44.90,49.2 1 1
backend/services/ticket_service.go:51.97,53.16 2 1
backend/services/ticket_service.go:53.16,55.3 1 0
backend/services/ticket_service.go:57.2,57.34 1 1
backend/services/ticket_service.go:57.34,59.3 1 1
backend/services/ticket_service.go:61.2,63.16 3 1
backend/services/ticket_service.go:63.16,65.3 1 0
backend/services/ticket_service.go:67.2,77.72 3 1
backend/services/ticket_service.go:77.72,79.3 1 0
backend/services/ticket_service.go:81.2,81.20 1 1
backend/services/ticket_service.go:84.87,86.2 1 1
backend/services/ticket_service.go:88.96,90.16 2 1
backend/services/ticket_service.go:90.16,92.3 1 0
backend/services/ticket_service.go:94.2,94.29 1 1
backend/services/ticket_service.go:94.29,96.3 1 0
backend/services/ticket_service.go:98.2,98.51 1 1
backend/services/ticket_service.go:98.51,100.3 1 1
backend/services/ticket_service.go:102.2,107.84 5 0
backend/services/ticket_service.go:107.84,109.3 1 0
backend/services/ticket_service.go:111.2,111.20 1 0
backend/services/ticket_service.go:114.97,116.16 2 1
backend/services/ticket_service.go:116.16,118.3 1 0
backend/services/ticket_service.go:120.2,120.35 1 1
backend/services/ticket_service.go:120.35,122.3 1 0
backend/services/ticket_service.go:124.2,124.48 1 1
backend/services/ticket_service.go:124.48,126.3 1 1
backend/services/ticket_service.go:128.2,129.16 2 1
backend/services/ticket_service.go:129.16,131.3 1 0
backend/services/ticket_service.go:133.2,133.34 1 1
backend/services/ticket_service.go:133.34,135.3 1 1
backend/services/ticket_service.go:137.2,139.61 2 0
backend/services/ticket_service.go:139.61,141.3 1 0
backend/services/ticket_service.go:143.2,143.20 1 0
backend/services/ticket_service.go:146.81,148.16 2 1
backend/services/ticket_service.go:148.16,150.3 1 0
backend/services/ticket_service.go:152.2,152.64 1 1
backend/controllers/auth_controller.go:28.75,30.2 1 1
backend/controllers/auth_controller.go:32.60,34.51 2 1
backend/controllers/auth_controller.go:34.51,40.3 2 1
backend/controllers/auth_controller.go:42.2,46.73 4 0
backend/controllers/auth_controller.go:46.73,52.3 2 0
backend/controllers/auth_controller.go:54.2,59.16 2 0
backend/controllers/auth_controller.go:59.16,60.53 1 0
backend/controllers/auth_controller.go:60.53,66.4 2 0
backend/controllers/auth_controller.go:68.3,72.9 2 0
backend/controllers/auth_controller.go:75.2,83.4 1 0
backend/controllers/auth_controller.go:86.57,88.51 2 1
backend/controllers/auth_controller.go:88.51,94.3 2 1
backend/controllers/auth_controller.go:96.2,99.51 3 0
backend/controllers/auth_controller.go:99.51,105.3 2 0
backend/controllers/auth_controller.go:107.2,111.16 2 0
backend/controllers/auth_controller.go:111.16,112.53 1 0
backend/controllers/auth_controller.go:112.53,118.4 2 0
backend/controllers/auth_controller.go:120.3,124.9 2 0
backend/controllers/auth_controller.go:127.2,136.4 1 0
backend/controllers/auth_controller.go:139.54,152.2 4 1
backend/controllers/event_controller.go:18.79,20.2 1 1
backend/controllers/event_controller.go:22.59,24.16 2 1
backend/controllers/event_controller.go:24.16,30.3 2 0
backend/controllers/event_controller.go:32.2,36.4 1 1
backend/controllers/event_controller.go:39.60,41.27 2 1
backend/controllers/event_controller.go:41.27,47.3 2 1
backend/controllers/event_controller.go:49.2,50.16 2 1
backend/controllers/event_controller.go:50.16,51.45 1 1
backend/controllers/event_controller.go:51.45,57.4 2 1
backend/controllers/event_controller.go:59.3,63.9 2 0
backend/controllers/event_controller.go:66.2,70.4 1 0
backend/controllers/ticket_controller.go:23.83,25.2 1 1
backend/controllers/ticket_controller.go:27.66,29.9 2 1
backend/controllers/ticket_controller.go:29.9,35.3 2 0
backend/controllers/ticket_controller.go:37.2,38.37 2 1
backend/controllers/ticket_controller.go:38.37,44.3 2 0
backend/controllers/ticket_controller.go:46.2,47.16 2 1
backend/controllers/ticket_controller.go:47.16,53.3 2 0
backend/controllers/ticket_controller.go:55.2,59.4 1 1
backend/controllers/ticket_controller.go:62.60,64.9 2 1
backend/controllers/ticket_controller.go:64.9,70.3 2 0
backend/controllers/ticket_controller.go:72.2,73.37 2 1
backend/controllers/ticket_controller.go:73.37,79.3 2 0
backend/controllers/ticket_controller.go:81.2,82.33 2 1
backend/controllers/ticket_controller.go:82.33,88.3 2 1
backend/controllers/ticket_controller.go:90.2,91.16 2 0
backend/controllers/ticket_controller.go:91.16,92.45 1 0
backend/controllers/ticket_controller.go:92.45,98.4 2 0
backend/controllers/ticket_controller.go:100.3,100.49 1 0
backend/controllers/ticket_controller.go:100.49,106.4 2 0
backend/controllers/ticket_controller.go:108.3,108.57 1 0
backend/controllers/ticket_controller.go:108.57,114.4 2 0
backend/controllers/ticket_controller.go:116.3,120.9 2 0
backend/controllers/ticket_controller.go:123.2,127.4 1 0
backend/controllers/ticket_controller.go:130.62,132.9 2 1
backend/controllers/ticket_controller.go:132.9,138.3 2 0
backend/controllers/ticket_controller.go:140.2,141.37 2 1
backend/controllers/ticket_controller.go:141.37,147.3 2 0
backend/controllers/ticket_controller.go:149.2,150.33 2 1
backend/controllers/ticket_controller.go:150.33,156.3 2 0
backend/controllers/ticket_controller.go:158.2,159.51 2 1
backend/controllers/ticket_controller.go:159.51,165.3 2 1
backend/controllers/ticket_controller.go:167.2,168.26 2 0
backend/controllers/ticket_controller.go:168.26,174.3 2 0
backend/controllers/ticket_controller.go:176.2,181.16 2 0
backend/controllers/ticket_controller.go:181.16,182.45 1 0
backend/controllers/ticket_controller.go:182.45,188.4 2 0
backend/controllers/ticket_controller.go:190.3,190.49 1 0
backend/controllers/ticket_controller.go:190.49,196.4 2 0
backend/controllers/ticket_controller.go:198.3,198.57 1 0
backend/controllers/ticket_controller.go:198.57,204.4 2 0
backend/controllers/ticket_controller.go:206.3,206.51 1 0
backend/controllers/ticket_controller.go:206.51,212.4 2 0
backend/controllers/ticket_controller.go:214.3,218.9 2 0
backend/controllers/ticket_controller.go:221.2,225.4 1 0
backend/controllers/ticket_controller.go:228.62,230.9 2 1
backend/controllers/ticket_controller.go:230.9,236.3 2 0
backend/controllers/ticket_controller.go:238.2,239.37 2 1
backend/controllers/ticket_controller.go:239.37,245.3 2 0
backend/controllers/ticket_controller.go:247.2,248.32 2 1
backend/controllers/ticket_controller.go:248.32,254.3 2 1
backend/controllers/ticket_controller.go:256.2,260.16 2 0
backend/controllers/ticket_controller.go:260.16,261.45 1 0
backend/controllers/ticket_controller.go:261.45,267.4 2 0
backend/controllers/ticket_controller.go:269.3,269.47 1 0
backend/controllers/ticket_controller.go:269.47,275.4 2 0
backend/controllers/ticket_controller.go:277.3,281.9 2 0
backend/controllers/ticket_controller.go:284.2,294.4 1 0
backend/main.go:12.13,16.97 3 0
backend/main.go:16.97,18.3 1 0
backend/main.go:20.2,23.16 3 0
backend/main.go:23.16,25.3 1 0
backend/main.go:27.2,27.47 1 0
backend/main.go:27.47,29.3 1 0
backend/dao/event_dao.go:13.41,15.2 1 0
backend/dao/event_dao.go:17.55,20.69 2 0
backend/dao/event_dao.go:20.69,22.3 1 0
backend/dao/event_dao.go:24.2,24.20 1 0
backend/dao/event_dao.go:27.62,30.55 2 0
backend/dao/event_dao.go:30.55,32.3 1 0
backend/dao/event_dao.go:34.2,34.20 1 0
backend/dao/ticket_dao.go:13.43,15.2 1 0
backend/dao/ticket_dao.go:17.68,20.55 2 0
backend/dao/ticket_dao.go:20.55,22.3 1 0
backend/dao/ticket_dao.go:24.2,24.20 1 0
backend/dao/ticket_dao.go:27.53,30.75 2 0
backend/dao/ticket_dao.go:30.75,32.3 1 0
backend/dao/ticket_dao.go:34.2,34.19 1 0
backend/dao/ticket_dao.go:37.73,44.36 2 0
backend/dao/ticket_dao.go:44.36,46.3 1 0
backend/dao/ticket_dao.go:48.2,48.21 1 0
backend/dao/ticket_dao.go:51.73,54.73 2 0
backend/dao/ticket_dao.go:54.73,56.3 1 0
backend/dao/ticket_dao.go:58.2,58.21 1 0
backend/dao/ticket_dao.go:61.88,62.52 1 0
backend/dao/ticket_dao.go:62.52,63.46 1 0
backend/dao/ticket_dao.go:63.46,65.4 1 0
backend/dao/ticket_dao.go:67.3,67.49 1 0
backend/dao/ticket_dao.go:67.49,69.4 1 0
backend/dao/ticket_dao.go:71.3,71.13 1 0
backend/dao/ticket_dao.go:75.92,76.52 1 0
backend/dao/ticket_dao.go:76.52,77.46 1 0
backend/dao/ticket_dao.go:77.46,79.4 1 0
backend/dao/ticket_dao.go:81.3,81.47 1 0
backend/dao/ticket_dao.go:81.47,83.4 1 0
backend/dao/ticket_dao.go:85.3,85.13 1 0
backend/dao/ticket_dao.go:89.63,91.2 1 0
backend/dao/user_dao.go:13.39,15.2 1 0
backend/dao/user_dao.go:17.69,20.76 2 0
backend/dao/user_dao.go:20.76,22.3 1 0
backend/dao/user_dao.go:24.2,24.19 1 0
backend/dao/user_dao.go:27.53,29.2 1 0
backend/config/database.go:15.16,16.40 1 0
backend/config/database.go:16.40,18.3 1 0
backend/config/database.go:21.24,32.16 3 0
backend/config/database.go:32.16,34.3 1 0
backend/config/database.go:36.2,36.15 1 0
backend/routes/routes.go:15.43,19.43 3 1
backend/routes/routes.go:19.43,21.3 1 1
backend/routes/routes.go:23.2,41.2 15 1
backend/routes/routes.go:41.2,45.3 3 1
backend/routes/routes.go:47.2,48.2 2 1
backend/routes/routes.go:48.2,52.3 3 1
backend/routes/routes.go:54.2,54.15 1 1
backend/routes/routes.go:57.39,63.30 2 1
backend/routes/routes.go:63.30,65.29 2 1
backend/routes/routes.go:65.29,68.4 2 0
backend/routes/routes.go:70.3,73.45 3 1
backend/routes/routes.go:73.45,76.4 2 0
backend/routes/routes.go:78.3,78.11 1 1
